TN:
SF:mock\src\index.js
FN:1,foo
FN:9,bar
FN:17,start
FN:23,privateFunction
FN:27,init
FN:36,(anonymous_5)
FN:45,(anonymous_6)
FN:56,(anonymous_7)
FNF:8
FNH:7
FNDA:4,foo
FNDA:1,bar
FNDA:3,start
FNDA:0,privateFunction
FNDA:2,init
FNDA:2,(anonymous_5)
FNDA:2,(anonymous_6)
FNDA:2,(anonymous_7)
DA:2,4
DA:4,4
DA:5,3
DA:10,1
DA:12,1
DA:13,0
DA:18,3
DA:20,3
DA:24,0
DA:28,2
DA:29,2
DA:31,2
DA:32,0
DA:33,0
DA:36,2
DA:37,2
DA:38,2
DA:39,0
DA:43,2
DA:45,2
DA:46,2
DA:49,2
DA:50,2
DA:51,0
DA:56,2
DA:57,2
DA:58,2
DA:59,0
DA:60,0
DA:62,2
DA:65,2
DA:67,2
LF:32
LH:24
BRDA:4,0,0,3
BRDA:4,0,1,1
BRDA:12,1,0,0
BRDA:12,1,1,1
BRDA:31,2,0,0
BRDA:31,2,1,2
BRDA:38,3,0,0
BRDA:38,3,1,2
BRDA:50,4,0,0
BRDA:50,4,1,2
BRDA:58,5,0,0
BRDA:58,5,1,2
BRF:12
BRH:7
end_of_record
