TN:
SF:test\mock\minify\comments.js
FNF:0
FNH:0
DA:4,2
DA:7,2
DA:10,2
DA:12,2
DA:23,2
DA:25,2
DA:29,2
DA:33,2
DA:38,2
DA:46,2
LF:10
LH:10
BRF:0
BRH:0
end_of_record
TN:
SF:test\mock\minify\demo.js
FN:2,callback
FN:10,other
FN:15,method
FN:27,(anonymous_3)
FN:32,(anonymous_4)
FN:59,(anonymous_5)
FNF:6
FNH:4
FNDA:668,callback
FNDA:0,other
FNDA:2004,method
FNDA:0,(anonymous_3)
FNDA:2,(anonymous_4)
FNDA:2,(anonymous_5)
DA:17,2004
DA:18,4
DA:20,2004
DA:21,668
DA:23,2004
DA:24,2
DA:27,2004
DA:28,0
DA:32,2
DA:34,2
DA:35,2
DA:37,2
DA:38,2
DA:39,0
DA:42,2
DA:43,2000
DA:46,2
DA:47,2
DA:48,0
DA:51,2
DA:53,0
DA:55,0
DA:59,2
DA:60,2
LF:24
LH:19
BRDA:17,0,0,4
BRDA:17,0,1,2000
BRDA:20,1,0,668
BRDA:20,1,1,1336
BRDA:23,2,0,2
BRDA:23,2,1,2002
BRDA:27,3,0,0
BRDA:27,3,1,2004
BRDA:38,4,0,0
BRDA:38,4,1,2
BRDA:47,5,0,0
BRDA:47,5,1,2
BRF:12
BRH:9
end_of_record
TN:
SF:test\mock\src\branch.js
FN:2,(anonymous_0)
FNF:1
FNH:1
FNDA:2,(anonymous_0)
DA:2,2
DA:5,2
DA:7,2
DA:8,2
DA:33,2
DA:37,2
LF:6
LH:6
BRDA:2,0,0,2
BRDA:5,1,0,2
BRDA:5,1,1,2
BRDA:7,2,0,2
BRDA:7,2,1,2
BRDA:7,2,2,0
BRF:6
BRH:5
end_of_record
TN:
SF:test\mock\src\index.js
FN:7,foo
FN:15,bar
FN:23,start
FN:29,(anonymous_3)
FN:30,(anonymous_4)
FN:37,privateFunction
FN:40,sub_function
FN:47,(anonymous_7)
FN:51,(anonymous_8)
FN:56,init
FN:65,(anonymous_10)
FN:74,(anonymous_11)
FN:85,(anonymous_12)
FNF:13
FNH:7
FNDA:4,foo
FNDA:1,bar
FNDA:3,start
FNDA:0,(anonymous_3)
FNDA:0,(anonymous_4)
FNDA:0,privateFunction
FNDA:0,sub_function
FNDA:0,(anonymous_7)
FNDA:0,(anonymous_8)
FNDA:2,init
FNDA:2,(anonymous_10)
FNDA:2,(anonymous_11)
FNDA:2,(anonymous_12)
DA:8,4
DA:10,4
DA:11,3
DA:16,1
DA:18,1
DA:19,0
DA:24,3
DA:26,3
DA:29,2
DA:30,0
DA:34,0
DA:38,0
DA:41,0
DA:42,0
DA:45,0
DA:47,0
DA:48,0
DA:51,0
DA:52,0
DA:57,2
DA:58,2
DA:60,2
DA:61,0
DA:62,0
DA:65,2
DA:66,2
DA:67,2
DA:68,0
DA:72,2
DA:74,2
DA:75,2
DA:78,2
DA:79,2
DA:80,0
DA:85,2
DA:86,2
DA:87,2
DA:88,0
DA:89,0
DA:91,2
DA:93,2
DA:94,2
DA:99,2
LF:43
LH:26
BRDA:10,0,0,3
BRDA:10,0,1,1
BRDA:18,1,0,0
BRDA:18,1,1,1
BRDA:60,2,0,0
BRDA:60,2,1,2
BRDA:67,3,0,0
BRDA:67,3,1,2
BRDA:79,4,0,0
BRDA:79,4,1,2
BRDA:87,5,0,0
BRDA:87,5,1,2
BRDA:93,6,0,0
BRDA:93,6,1,2
BRF:14
BRH:8
end_of_record
