TN:
SF:coverage-v8\test\mock\minify\comments.js
FNF:0
FNH:0
DA:4,1
DA:7,1
DA:10,1
DA:12,1
DA:13,1
DA:14,1
DA:15,1
DA:16,1
DA:23,1
DA:25,1
DA:29,1
DA:33,1
DA:36,1
DA:38,1
DA:46,1
LF:15
LH:15
BRF:0
BRH:0
end_of_record
TN:
SF:coverage-v8\test\mock\minify\demo.js
FN:2,callback
FN:10,other
FN:15,method
FN:27,(anonymous)
FN:32,(anonymous)
FN:59,(anonymous)
FNF:6
FNH:4
FNDA:1336,callback
FNDA:0,other
FNDA:4008,method
FNDA:0,(anonymous)
FNDA:4,(anonymous)
FNDA:4,(anonymous)
DA:2,1336
DA:4,1336
DA:10,0
DA:12,0
DA:15,4008
DA:17,8
DA:18,8
DA:19,8
DA:20,1336
DA:21,1336
DA:22,1336
DA:23,4
DA:24,4
DA:25,4
DA:27,0
DA:28,0
DA:29,0
DA:30,4008
DA:32,4
DA:34,4
DA:35,4
DA:37,4
DA:38,0
DA:39,0
DA:40,0
DA:42,4000
DA:43,4000
DA:44,4000
DA:46,4
DA:47,0
DA:48,0
DA:49,0
DA:51,4
DA:53,4
DA:55,4
DA:57,4
DA:59,4
DA:60,4
DA:61,4
LF:39
LH:28
BRDA:2,0,0,1336
BRDA:15,1,0,4008
BRDA:17,2,0,8
BRDA:20,3,0,1336
BRDA:23,4,0,4
BRDA:27,5,0,0
BRDA:32,6,0,4
BRDA:38,7,0,0
BRDA:42,8,0,4000
BRDA:47,9,0,0
BRDA:59,10,0,4
BRF:11
BRH:8
end_of_record
TN:
SF:coverage-v8\test\mock\src\branch.js
FN:2,(anonymous)
FNF:1
FNH:1
FNDA:4,(anonymous)
DA:2,4
DA:5,4
DA:7,0
DA:8,4
DA:33,4
DA:34,4
DA:37,1
LF:7
LH:6
BRDA:2,0,0,4
BRDA:7,1,0,0
BRF:2
BRH:1
end_of_record
TN:
SF:coverage-v8\test\mock\src\index.js
FN:7,foo
FN:15,bar
FN:23,start
FN:29,(anonymous)
FN:30,(anonymous)
FN:37,privateFunction
FN:40,sub_function
FN:47,(anonymous)
FN:51,(anonymous)
FN:56,init
FN:65,(anonymous)
FN:74,(anonymous)
FN:85,(anonymous)
FNF:13
FNH:7
FNDA:8,foo
FNDA:2,bar
FNDA:6,start
FNDA:0,(anonymous)
FNDA:0,(anonymous)
FNDA:0,privateFunction
FNDA:0,sub_function
FNDA:0,(anonymous)
FNDA:0,(anonymous)
FNDA:4,init
FNDA:4,(anonymous)
FNDA:4,(anonymous)
FNDA:4,(anonymous)
DA:1,1
DA:2,1
DA:4,1
DA:5,1
DA:7,8
DA:8,8
DA:10,6
DA:11,6
DA:12,6
DA:13,8
DA:15,2
DA:16,2
DA:18,0
DA:19,0
DA:20,0
DA:21,2
DA:23,6
DA:24,6
DA:26,6
DA:27,6
DA:29,0
DA:30,0
DA:32,0
DA:34,0
DA:35,0
DA:37,0
DA:38,0
DA:40,0
DA:41,0
DA:42,0
DA:43,0
DA:45,0
DA:47,0
DA:48,0
DA:49,0
DA:51,0
DA:52,0
DA:53,0
DA:54,0
DA:56,4
DA:57,4
DA:58,4
DA:60,0
DA:61,0
DA:62,0
DA:63,0
DA:65,4
DA:66,4
DA:67,0
DA:68,0
DA:69,0
DA:70,4
DA:72,4
DA:74,4
DA:75,4
DA:76,4
DA:78,4
DA:79,0
DA:80,0
DA:81,0
DA:83,4
DA:85,4
DA:86,4
DA:87,0
DA:88,0
DA:89,0
DA:90,0
DA:91,4
DA:93,0
DA:94,4
DA:96,4
DA:99,1
LF:72
LH:35
BRDA:7,0,0,8
BRDA:10,1,0,6
BRDA:15,2,0,2
BRDA:18,3,0,0
BRDA:23,4,0,6
BRDA:56,5,0,4
BRDA:60,6,0,0
BRDA:79,7,0,0
BRDA:65,8,0,4
BRDA:67,9,0,0
BRDA:74,10,0,4
BRDA:85,11,0,4
BRDA:87,12,0,0
BRDA:93,13,0,0
BRF:14
BRH:8
end_of_record
TN:
SF:coverage-v8\test\mock\src\typescript.ts
FN:14,(anonymous)
FN:20,(anonymous)
FNF:2
FNH:1
FNDA:4,(anonymous)
FNDA:0,(anonymous)
DA:1,1
DA:3,1
DA:4,1
DA:5,1
DA:6,1
DA:7,1
DA:9,1
DA:10,1
DA:11,1
DA:12,1
DA:14,4
DA:15,4
DA:16,4
DA:18,1
DA:20,0
DA:22,0
DA:23,0
DA:25,0
DA:27,0
DA:29,1
LF:20
LH:15
BRDA:14,0,0,4
BRF:1
BRH:1
end_of_record
TN:
SF:coverage-v8\webpack\bootstrap
FN:5,__webpack_require__
FNF:1
FNH:1
FNDA:16,__webpack_require__
DA:2,1
DA:5,16
DA:7,16
DA:8,0
DA:9,0
DA:10,0
DA:12,16
DA:15,16
DA:16,16
DA:19,16
DA:22,16
DA:23,16
LF:12
LH:9
BRDA:5,0,0,16
BRDA:8,1,0,0
BRF:2
BRH:1
end_of_record
TN:
SF:coverage-v8\webpack\runtime\compat-get-default-export
FN:2,(anonymous)
FN:4,(anonymous)
FN:5,(anonymous)
FNF:3
FNH:1
FNDA:16,(anonymous)
FNDA:0,(anonymous)
FNDA:0,(anonymous)
DA:2,16
DA:3,0
DA:4,0
DA:5,0
DA:6,16
DA:7,16
DA:8,16
LF:7
LH:4
BRDA:2,0,0,16
BRDA:3,1,0,0
BRF:2
BRH:1
end_of_record
TN:
SF:coverage-v8\webpack\runtime\define-property-getters
FN:2,(anonymous)
FNF:1
FNH:1
FNDA:20,(anonymous)
DA:2,20
DA:3,28
DA:4,28
DA:5,28
DA:6,28
DA:7,28
DA:8,20
LF:7
LH:7
BRDA:2,0,0,20
BRDA:3,1,0,28
BRF:2
BRH:2
end_of_record
TN:
SF:coverage-v8\webpack\runtime\hasOwnProperty-shorthand
FN:1,(anonymous)
FNF:1
FNH:1
FNDA:56,(anonymous)
DA:1,56
LF:1
LH:1
BRDA:1,0,0,56
BRF:1
BRH:1
end_of_record
TN:
SF:coverage-v8\webpack\runtime\make-namespace-object
FN:2,(anonymous)
FNF:1
FNH:1
FNDA:4,(anonymous)
DA:2,4
DA:3,4
DA:4,4
DA:5,4
DA:6,4
DA:7,4
LF:6
LH:6
BRDA:2,0,0,4
BRF:1
BRH:1
end_of_record
TN:
SF:coverage-v8\webpack\universalModuleDefinition
FN:1,webpackUniversalModuleDefinition
FNF:1
FNH:1
FNDA:4,webpackUniversalModuleDefinition
DA:1,4
DA:2,0
DA:3,0
DA:4,0
DA:5,0
DA:6,4
DA:7,0
DA:8,4
DA:9,4
DA:10,4
DA:11,1
LF:11
LH:6
BRDA:1,0,0,4
BRDA:2,1,0,0
BRDA:3,2,0,0
BRDA:4,3,0,0
BRDA:5,4,0,0
BRDA:7,5,0,0
BRF:6
BRH:1
end_of_record
TN:
SF:localhost-8130\minify\style.css
FNF:0
FNH:0
DA:1,0
DA:2,0
DA:3,0
DA:5,0
DA:6,0
DA:7,0
DA:10,0
LF:7
LH:0
BRF:0
BRH:0
end_of_record
