TN:
SF:coverage-v8\mock\src\index.js
FN:1,foo
FN:9,bar
FN:17,start
FN:23,privateFunction
FN:27,init
FN:36,inline
FN:45,(anonymous)
FN:56,onload
FNF:8
FNH:7
FNDA:4,foo
FNDA:1,bar
FNDA:3,start
FNDA:0,privateFunction
FNDA:2,init
FNDA:2,inline
FNDA:2,(anonymous)
FNDA:2,onload
DA:1,1
DA:2,4
DA:4,4
DA:5,3
DA:6,3
DA:7,4
DA:9,1
DA:10,1
DA:12,1
DA:13,0
DA:14,0
DA:15,1
DA:17,1
DA:18,3
DA:20,3
DA:21,3
DA:23,0
DA:24,0
DA:25,0
DA:27,2
DA:28,2
DA:29,2
DA:31,2
DA:32,0
DA:33,0
DA:34,0
DA:36,2
DA:37,2
DA:38,2
DA:39,0
DA:40,0
DA:41,2
DA:43,2
DA:45,2
DA:46,2
DA:47,2
DA:49,2
DA:50,2
DA:51,0
DA:52,0
DA:54,2
DA:56,1
DA:57,2
DA:58,2
DA:59,0
DA:60,0
DA:61,0
DA:62,2
DA:63,1
DA:65,1
DA:67,1
LF:51
LH:36
BRDA:1,0,0,4
BRDA:4,1,0,3
BRDA:9,2,0,1
BRDA:12,3,0,0
BRDA:17,4,0,3
BRDA:27,5,0,2
BRDA:31,6,0,0
BRDA:50,7,0,0
BRDA:36,8,0,2
BRDA:38,9,0,0
BRDA:45,10,0,2
BRDA:56,11,0,2
BRDA:58,12,0,0
BRF:13
BRH:8
end_of_record
TN:
SF:coverage-v8\webpack\bootstrap
FNF:0
FNH:0
DA:2,1
LF:1
LH:1
BRF:0
BRH:0
end_of_record
TN:
SF:coverage-v8\webpack\runtime\define-property-getters
FN:1,(anonymous)
FN:2,__webpack_require__.d
FNF:2
FNH:2
FNDA:2,(anonymous)
FNDA:2,__webpack_require__.d
DA:2,2
DA:3,2
DA:4,6
DA:5,6
DA:6,6
DA:7,6
DA:8,2
LF:7
LH:7
BRDA:1,0,0,2
BRDA:2,1,0,2
BRDA:3,2,0,6
BRF:3
BRH:3
end_of_record
TN:
SF:coverage-v8\webpack\runtime\hasOwnProperty-shorthand
FN:1,(anonymous)
FN:1,__webpack_require__.o
FNF:2
FNH:2
FNDA:2,(anonymous)
FNDA:12,__webpack_require__.o
DA:1,2
LF:1
LH:1
BRDA:1,0,0,2
BRDA:1,1,0,12
BRF:2
BRH:2
end_of_record
TN:
SF:coverage-v8\webpack\runtime\make-namespace-object
FN:1,(anonymous)
FN:2,__webpack_require__.r
FNF:2
FNH:2
FNDA:2,(anonymous)
FNDA:2,__webpack_require__.r
DA:2,2
DA:3,2
DA:4,2
DA:5,2
DA:6,2
DA:7,2
LF:6
LH:6
BRDA:1,0,0,2
BRDA:2,1,0,2
BRF:2
BRH:2
end_of_record
TN:
SF:coverage-v8\webpack\universalModuleDefinition
FN:1,webpackUniversalModuleDefinition
FNF:1
FNH:1
FNDA:2,webpackUniversalModuleDefinition
DA:1,1
DA:2,2
DA:3,0
DA:4,2
DA:5,0
DA:6,2
DA:7,0
DA:8,2
DA:9,2
DA:10,1
DA:11,1
LF:11
LH:8
BRDA:1,0,0,2
BRDA:2,1,0,0
BRDA:3,2,0,0
BRDA:4,3,0,0
BRDA:5,4,0,0
BRDA:7,5,0,0
BRF:6
BRH:1
end_of_record
